2013-12-21 12:51:44,198 ERROR [Worker-14] - System.err - SLF4J: Failed to load class "org.slf4j.impl.StaticLoggerBinder".
2013-12-21 12:51:44,217 ERROR [Worker-14] - System.err - SLF4J: Defaulting to no-operation (NOP) logger implementation
2013-12-21 12:51:44,217 ERROR [Worker-14] - System.err - SLF4J: See http://www.slf4j.org/codes.html#StaticLoggerBinder for further details.
2013-12-21 18:22:52,853  WARN [main] - org.scala-ide.sdt.core - org.scala-ide.sdt.core - org.scala-ide.sdt.core - 0 - Error in scaladoc autoedit
org.eclipse.jface.text.BadLocationException
	at org.eclipse.jface.text.AbstractDocument.getChar(AbstractDocument.java:806)
	at org.eclipse.core.internal.filebuffers.SynchronizableDocument.getChar(SynchronizableDocument.java:152)
	at scala.tools.eclipse.ui.CommentAutoIndentStrategy.customizeDocumentCommand(CommentAutoIndentStrategy.scala:42)
	at org.eclipse.jface.text.TextViewer.customizeDocumentCommand(TextViewer.java:3779)
	at org.eclipse.jface.text.TextViewer.handleVerifyEvent(TextViewer.java:3816)
	at org.eclipse.jface.text.source.projection.ProjectionViewer.handleVerifyEvent(ProjectionViewer.java:1276)
	at org.eclipse.jface.text.TextViewer$TextVerifyListener.verifyText(TextViewer.java:435)
	at org.eclipse.swt.widgets.TypedListener.handleEvent(TypedListener.java:273)
	at org.eclipse.swt.widgets.EventTable.sendEvent(EventTable.java:84)
	at org.eclipse.swt.widgets.Display.sendEvent(Display.java:4166)
	at org.eclipse.swt.widgets.Widget.sendEvent(Widget.java:1466)
	at org.eclipse.swt.widgets.Widget.sendEvent(Widget.java:1489)
	at org.eclipse.swt.widgets.Widget.sendEvent(Widget.java:1474)
	at org.eclipse.swt.widgets.Widget.notifyListeners(Widget.java:1279)
	at org.eclipse.swt.custom.StyledText.modifyContent(StyledText.java:7166)
	at org.eclipse.swt.custom.StyledText.sendKeyEvent(StyledText.java:8030)
	at org.eclipse.swt.custom.StyledText.doContent(StyledText.java:2474)
	at org.eclipse.swt.custom.StyledText.handleKey(StyledText.java:5928)
	at org.eclipse.swt.custom.StyledText.handleKeyDown(StyledText.java:5959)
	at org.eclipse.swt.custom.StyledText$7.handleEvent(StyledText.java:5636)
	at org.eclipse.swt.widgets.EventTable.sendEvent(EventTable.java:84)
	at org.eclipse.swt.widgets.Display.sendEvent(Display.java:4166)
	at org.eclipse.swt.widgets.Widget.sendEvent(Widget.java:1466)
	at org.eclipse.swt.widgets.Widget.sendEvent(Widget.java:1489)
	at org.eclipse.swt.widgets.Widget.sendEvent(Widget.java:1474)
	at org.eclipse.swt.widgets.Widget.sendKeyEvent(Widget.java:1503)
	at org.eclipse.swt.widgets.Widget.sendKeyEvent(Widget.java:1499)
	at org.eclipse.swt.widgets.Canvas.sendKeyEvent(Canvas.java:496)
	at org.eclipse.swt.widgets.Control.doCommandBySelector(Control.java:1060)
	at org.eclipse.swt.widgets.Display.windowProc(Display.java:5648)
	at org.eclipse.swt.internal.cocoa.OS.objc_msgSend(Native Method)
	at org.eclipse.swt.internal.cocoa.NSResponder.interpretKeyEvents(NSResponder.java:68)
	at org.eclipse.swt.widgets.Composite.keyDown(Composite.java:594)
	at org.eclipse.swt.widgets.Display.windowProc(Display.java:5558)
	at org.eclipse.swt.internal.cocoa.OS.objc_msgSendSuper(Native Method)
	at org.eclipse.swt.widgets.Widget.callSuper(Widget.java:221)
	at org.eclipse.swt.widgets.Widget.windowSendEvent(Widget.java:2104)
	at org.eclipse.swt.widgets.Shell.windowSendEvent(Shell.java:2318)
	at org.eclipse.swt.widgets.Display.windowProc(Display.java:5620)
	at org.eclipse.swt.internal.cocoa.OS.objc_msgSendSuper(Native Method)
	at org.eclipse.swt.widgets.Display.applicationSendEvent(Display.java:5057)
	at org.eclipse.swt.widgets.Display.applicationProc(Display.java:5206)
	at org.eclipse.swt.internal.cocoa.OS.objc_msgSend(Native Method)
	at org.eclipse.swt.internal.cocoa.NSApplication.sendEvent(NSApplication.java:128)
	at org.eclipse.swt.widgets.Display.readAndDispatch(Display.java:3648)
	at org.eclipse.e4.ui.internal.workbench.swt.PartRenderingEngine$9.run(PartRenderingEngine.java:1113)
	at org.eclipse.core.databinding.observable.Realm.runWithDefault(Realm.java:332)
	at org.eclipse.e4.ui.internal.workbench.swt.PartRenderingEngine.run(PartRenderingEngine.java:997)
	at org.eclipse.e4.ui.internal.workbench.E4Workbench.createAndRunUI(E4Workbench.java:138)
	at org.eclipse.ui.internal.Workbench$5.run(Workbench.java:610)
	at org.eclipse.core.databinding.observable.Realm.runWithDefault(Realm.java:332)
	at org.eclipse.ui.internal.Workbench.createAndRunWorkbench(Workbench.java:567)
	at org.eclipse.ui.PlatformUI.createAndRunWorkbench(PlatformUI.java:150)
	at org.eclipse.ui.internal.ide.application.IDEApplication.start(IDEApplication.java:124)
	at org.eclipse.equinox.internal.app.EclipseAppHandle.run(EclipseAppHandle.java:196)
	at org.eclipse.core.runtime.internal.adaptor.EclipseAppLauncher.runApplication(EclipseAppLauncher.java:110)
	at org.eclipse.core.runtime.internal.adaptor.EclipseAppLauncher.start(EclipseAppLauncher.java:79)
	at org.eclipse.core.runtime.adaptor.EclipseStarter.run(EclipseStarter.java:354)
	at org.eclipse.core.runtime.adaptor.EclipseStarter.run(EclipseStarter.java:181)
	at sun.reflect.NativeMethodAccessorImpl.invoke0(Native Method)
	at sun.reflect.NativeMethodAccessorImpl.invoke(NativeMethodAccessorImpl.java:39)
	at sun.reflect.DelegatingMethodAccessorImpl.invoke(DelegatingMethodAccessorImpl.java:25)
	at java.lang.reflect.Method.invoke(Method.java:597)
	at org.eclipse.equinox.launcher.Main.invokeFramework(Main.java:636)
	at org.eclipse.equinox.launcher.Main.basicRun(Main.java:591)
	at org.eclipse.equinox.launcher.Main.run(Main.java:1450)
2013-12-21 21:04:03,431 ERROR [main] - org.scala-ide.sdt.core - org.scala-ide.sdt.core - org.scala-ide.sdt.core - 0 - AT: RangePosition(/Users/lima/workspace/puzzles/scala-99/src/Puzzles99.scala, 170, 177, 8485)
scala.reflect.internal.FatalError: No synthetics for method EnhancedInt: synthetics contains 
	at scala.reflect.internal.SymbolTable.abort(SymbolTable.scala:49)
	at scala.tools.nsc.Global.abort(Global.scala:254)
	at scala.tools.nsc.typechecker.MethodSynthesis$MethodSynth$class.addDerivedTrees(MethodSynthesis.scala:243)
	at scala.tools.nsc.typechecker.Namers$Namer.addDerivedTrees(Namers.scala:55)
	at scala.tools.nsc.typechecker.Typers$Typer$$anonfun$31.apply(Typers.scala:1916)
	at scala.tools.nsc.typechecker.Typers$Typer$$anonfun$31.apply(Typers.scala:1916)
	at scala.tools.nsc.typechecker.Typers$Typer$$anonfun$rewrappingWrapperTrees$1.apply(Typers.scala:1855)
	at scala.tools.nsc.typechecker.Typers$Typer$$anonfun$rewrappingWrapperTrees$1.apply(Typers.scala:1852)
	at scala.collection.TraversableLike$$anonfun$flatMap$1.apply(TraversableLike.scala:251)
	at scala.collection.TraversableLike$$anonfun$flatMap$1.apply(TraversableLike.scala:251)
	at scala.collection.immutable.List.foreach(List.scala:318)
	at scala.collection.TraversableLike$class.flatMap(TraversableLike.scala:251)
	at scala.collection.AbstractTraversable.flatMap(Traversable.scala:105)
	at scala.tools.nsc.typechecker.Typers$Typer.typedTemplate(Typers.scala:1916)
	at scala.tools.nsc.typechecker.Typers$Typer.typedModuleDef(Typers.scala:1799)
	at scala.tools.nsc.typechecker.Typers$Typer.typed1(Typers.scala:5550)
	at scala.tools.nsc.typechecker.Typers$Typer.typed(Typers.scala:5608)
	at scala.tools.nsc.typechecker.Typers$Typer.scala$tools$nsc$typechecker$Typers$Typer$$typedStat$1(Typers.scala:2927)
	at scala.tools.nsc.typechecker.Typers$Typer$$anonfun$60.apply(Typers.scala:3031)
	at scala.tools.nsc.typechecker.Typers$Typer$$anonfun$60.apply(Typers.scala:3031)
	at scala.collection.immutable.List.loop$1(List.scala:170)
	at scala.collection.immutable.List.mapConserve(List.scala:186)
	at scala.tools.nsc.typechecker.Typers$Typer.typedStats(Typers.scala:3031)
	at scala.tools.nsc.typechecker.Typers$Typer.typedPackageDef$1(Typers.scala:5267)
	at scala.tools.nsc.typechecker.Typers$Typer.typed1(Typers.scala:5553)
	at scala.tools.nsc.typechecker.Typers$Typer.typed(Typers.scala:5608)
	at scala.tools.nsc.typechecker.Typers$Typer.typed(Typers.scala:5670)
	at scala.tools.nsc.typechecker.Analyzer$typerFactory$$anon$3.apply(Analyzer.scala:99)
	at scala.tools.nsc.Global$GlobalPhase.applyPhase(Global.scala:464)
	at scala.tools.nsc.interactive.Global$TyperRun$$anonfun$applyPhase$1.apply(Global.scala:1153)
	at scala.tools.nsc.interactive.Global$TyperRun$$anonfun$applyPhase$1.apply(Global.scala:1153)
	at scala.reflect.internal.SymbolTable.atPhase(SymbolTable.scala:207)
	at scala.tools.nsc.interactive.Global$TyperRun.applyPhase(Global.scala:1153)
	at scala.tools.nsc.interactive.Global$TyperRun.typeCheck(Global.scala:1146)
	at scala.tools.nsc.interactive.Global.scala$tools$nsc$interactive$Global$$typeCheck(Global.scala:585)
	at scala.tools.nsc.interactive.Global.scala$tools$nsc$interactive$Global$$typedTreeAt(Global.scala:734)
	at scala.tools.nsc.interactive.Global$$anonfun$getTypedTreeAt$1.apply(Global.scala:757)
	at scala.tools.nsc.interactive.Global$$anonfun$getTypedTreeAt$1.apply(Global.scala:757)
	at scala.tools.nsc.interactive.Global$$anonfun$respond$1.apply(Global.scala:616)
	at scala.tools.nsc.interactive.Global$$anonfun$respond$1.apply(Global.scala:616)
	at scala.tools.nsc.interactive.Global.respondGradually(Global.scala:623)
	at scala.tools.nsc.interactive.Global.respond(Global.scala:616)
	at scala.tools.nsc.interactive.Global.getTypedTreeAt(Global.scala:757)
	at scala.tools.nsc.interactive.CompilerControl$AskTypeAtItem.apply$mcV$sp(CompilerControl.scala:349)
	at scala.tools.nsc.interactive.Global.pollForWork(Global.scala:388)
	at scala.tools.nsc.interactive.Global.checkForMoreWork(Global.scala:400)
	at scala.tools.nsc.interactive.Global.signalDone(Global.scala:253)
	at scala.tools.nsc.typechecker.Typers$Typer.typed(Typers.scala:5635)
	at scala.tools.nsc.typechecker.Typers$Typer.typedType(Typers.scala:5735)
	at scala.tools.nsc.typechecker.Typers$Typer.typedHigherKindedType(Typers.scala:5742)
	at scala.tools.nsc.typechecker.Typers$Typer$$anonfun$106.apply(Typers.scala:5225)
	at scala.tools.nsc.typechecker.Typers$Typer$$anonfun$106.apply(Typers.scala:5223)
	at scala.reflect.internal.Types$class.map2Conserve(Types.scala:6415)
	at scala.reflect.internal.SymbolTable.map2Conserve(SymbolTable.scala:13)
	at scala.tools.nsc.typechecker.Typers$Typer.typedAppliedTypeTree$1(Typers.scala:5223)
	at scala.tools.nsc.typechecker.Typers$Typer.typed1(Typers.scala:5539)
	at scala.tools.nsc.typechecker.Typers$Typer.typed(Typers.scala:5608)
	at scala.tools.nsc.typechecker.Typers$Typer.typedType(Typers.scala:5735)
	at scala.tools.nsc.typechecker.Typers$Typer.typedHigherKindedType(Typers.scala:5742)
	at scala.tools.nsc.typechecker.Typers$Typer$$anonfun$106.apply(Typers.scala:5225)
	at scala.tools.nsc.typechecker.Typers$Typer$$anonfun$106.apply(Typers.scala:5223)
	at scala.reflect.internal.Types$class.map2Conserve(Types.scala:6415)
	at scala.reflect.internal.SymbolTable.map2Conserve(SymbolTable.scala:13)
	at scala.tools.nsc.typechecker.Typers$Typer.typedAppliedTypeTree$1(Typers.scala:5223)
	at scala.tools.nsc.typechecker.Typers$Typer.typed1(Typers.scala:5539)
	at scala.tools.nsc.typechecker.Typers$Typer.typed(Typers.scala:5608)
	at scala.tools.nsc.typechecker.Typers$Typer.typedType(Typers.scala:5735)
	at scala.tools.nsc.typechecker.Typers$Typer.typedType(Typers.scala:5738)
	at scala.tools.nsc.typechecker.Typers$Typer.typedDefDef(Typers.scala:2239)
	at scala.tools.nsc.typechecker.Typers$Typer.typed1(Typers.scala:5535)
	at scala.tools.nsc.typechecker.Typers$Typer.typed(Typers.scala:5608)
	at scala.tools.nsc.typechecker.Typers$Typer.scala$tools$nsc$typechecker$Typers$Typer$$typedStat$1(Typers.scala:2927)
	at scala.tools.nsc.typechecker.Typers$Typer$$anonfun$60.apply(Typers.scala:3031)
	at scala.tools.nsc.typechecker.Typers$Typer$$anonfun$60.apply(Typers.scala:3031)
	at scala.collection.immutable.List.loop$1(List.scala:170)
	at scala.collection.immutable.List.mapConserve(List.scala:186)
	at scala.tools.nsc.typechecker.Typers$Typer.typedStats(Typers.scala:3031)
	at scala.tools.nsc.typechecker.Typers$Typer.typedTemplate(Typers.scala:1918)
	at scala.tools.nsc.typechecker.Typers$Typer.typedModuleDef(Typers.scala:1799)
	at scala.tools.nsc.typechecker.Typers$Typer.typed1(Typers.scala:5550)
	at scala.tools.nsc.typechecker.Typers$Typer.typed(Typers.scala:5608)
	at scala.tools.nsc.typechecker.Typers$Typer.scala$tools$nsc$typechecker$Typers$Typer$$typedStat$1(Typers.scala:2927)
	at scala.tools.nsc.typechecker.Typers$Typer$$anonfun$60.apply(Typers.scala:3031)
	at scala.tools.nsc.typechecker.Typers$Typer$$anonfun$60.apply(Typers.scala:3031)
	at scala.collection.immutable.List.loop$1(List.scala:170)
	at scala.collection.immutable.List.mapConserve(List.scala:186)
	at scala.tools.nsc.typechecker.Typers$Typer.typedStats(Typers.scala:3031)
	at scala.tools.nsc.typechecker.Typers$Typer.typedPackageDef$1(Typers.scala:5267)
	at scala.tools.nsc.typechecker.Typers$Typer.typed1(Typers.scala:5553)
	at scala.tools.nsc.typechecker.Typers$Typer.typed(Typers.scala:5608)
	at scala.tools.nsc.typechecker.Typers$Typer.typed(Typers.scala:5670)
	at scala.tools.nsc.typechecker.Analyzer$typerFactory$$anon$3.apply(Analyzer.scala:99)
	at scala.tools.nsc.Global$GlobalPhase.applyPhase(Global.scala:464)
	at scala.tools.nsc.interactive.Global$TyperRun$$anonfun$applyPhase$1.apply(Global.scala:1153)
	at scala.tools.nsc.interactive.Global$TyperRun$$anonfun$applyPhase$1.apply(Global.scala:1153)
	at scala.reflect.internal.SymbolTable.atPhase(SymbolTable.scala:207)
	at scala.tools.nsc.interactive.Global$TyperRun.applyPhase(Global.scala:1153)
	at scala.tools.nsc.interactive.Global$TyperRun.typeCheck(Global.scala:1146)
	at scala.tools.nsc.interactive.Global.scala$tools$nsc$interactive$Global$$typeCheck(Global.scala:585)
	at scala.tools.nsc.interactive.Global$$anonfun$backgroundCompile$5$$anonfun$apply$7.apply(Global.scala:501)
	at scala.tools.nsc.interactive.Global$$anonfun$backgroundCompile$5.apply(Global.scala:497)
	at scala.tools.nsc.interactive.Global$$anonfun$backgroundCompile$5.apply(Global.scala:497)
	at scala.collection.TraversableLike$WithFilter$$anonfun$foreach$1.apply(TraversableLike.scala:772)
	at scala.collection.immutable.List.foreach(List.scala:318)
	at scala.collection.TraversableLike$WithFilter.foreach(TraversableLike.scala:771)
	at scala.tools.nsc.interactive.Global.backgroundCompile(Global.scala:497)
	at scala.tools.nsc.interactive.PresentationCompilerThread.run(PresentationCompilerThread.scala:25)
